This is pdfTeX, Version 3.141592653-2.6-1.40.24 (MiKTeX 22.10) (preloaded format=pdflatex 2022.11.6)  25 DEC 2022 22:03
entering extended mode
 restricted \write18 enabled.
 %&-line parsing enabled.
**./section.tex
(section.tex
LaTeX2e <2022-06-01> patch level 5
L3 programming layer <2022-09-28>
(D:\COEP Academics\DTL\Latex\tex/latex/base\article.cls
Document Class: article 2021/10/04 v1.4n Standard LaTeX document class
(D:\COEP Academics\DTL\Latex\tex/latex/base\size10.clo
File: size10.clo 2021/10/04 v1.4n Standard LaTeX file (size option)
)
\c@part=\count185
\c@section=\count186
\c@subsection=\count187
\c@subsubsection=\count188
\c@paragraph=\count189
\c@subparagraph=\count190
\c@figure=\count191
\c@table=\count192
\abovecaptionskip=\skip47
\belowcaptionskip=\skip48
\bibindent=\dimen138
)
(D:\COEP Academics\DTL\Latex\tex/latex/graphics\graphicx.sty
Package: graphicx 2021/09/16 v1.2d Enhanced LaTeX Graphics (DPC,SPQR)

(D:\COEP Academics\DTL\Latex\tex/latex/graphics\keyval.sty
Package: keyval 2022/05/29 v1.15 key=value parser (DPC)
\KV@toks@=\toks16
)
(D:\COEP Academics\DTL\Latex\tex/latex/graphics\graphics.sty
Package: graphics 2022/03/10 v1.4e Standard LaTeX Graphics (DPC,SPQR)

(D:\COEP Academics\DTL\Latex\tex/latex/graphics\trig.sty
Package: trig 2021/08/11 v1.11 sin cos tan (DPC)
)
(D:\COEP Academics\DTL\Latex\tex/latex/graphics-cfg\graphics.cfg
File: graphics.cfg 2016/06/04 v1.11 sample graphics configuration
)
Package graphics Info: Driver file: pdftex.def on input line 107.

(D:\COEP Academics\DTL\Latex\tex/latex/graphics-def\pdftex.def
File: pdftex.def 2022/09/22 v1.2b Graphics/color driver for pdftex
\stockwidth=\dimen139
\stockheight=\dimen140
))
\Gin@req@height=\dimen141
\Gin@req@width=\dimen142
)
(D:\COEP Academics\DTL\Latex\tex/latex/l3backend\l3backend-pdftex.def
File: l3backend-pdftex.def 2022-09-28 L3 backend support: PDF output (pdfTeX)
\l__color_backend_stack_int=\count193
\l__pdf_internal_box=\box51
)
(section.aux)
\openout1 = `section.aux'.

LaTeX Font Info:    Checking defaults for OML/cmm/m/it on input line 7.
LaTeX Font Info:    ... okay on input line 7.
LaTeX Font Info:    Checking defaults for OMS/cmsy/m/n on input line 7.
LaTeX Font Info:    ... okay on input line 7.
LaTeX Font Info:    Checking defaults for OT1/cmr/m/n on input line 7.
LaTeX Font Info:    ... okay on input line 7.
LaTeX Font Info:    Checking defaults for T1/cmr/m/n on input line 7.
LaTeX Font Info:    ... okay on input line 7.
LaTeX Font Info:    Checking defaults for TS1/cmr/m/n on input line 7.
LaTeX Font Info:    ... okay on input line 7.
LaTeX Font Info:    Checking defaults for OMX/cmex/m/n on input line 7.
LaTeX Font Info:    ... okay on input line 7.
LaTeX Font Info:    Checking defaults for U/cmr/m/n on input line 7.
LaTeX Font Info:    ... okay on input line 7.
 (D:\COEP Academics\DTL\Latex\tex/context/base/mkii\supp-pdf.mkii
[Loading MPS to PDF converter (version 2006.09.02).]
\scratchcounter=\count194
\scratchdimen=\dimen143
\scratchbox=\box52
\nofMPsegments=\count195
\nofMParguments=\count196
\everyMPshowfont=\toks17
\MPscratchCnt=\count197
\MPscratchDim=\dimen144
\MPnumerator=\count198
\makeMPintoPDFobject=\count199
\everyMPtoPDFconversion=\toks18
) (D:\COEP Academics\DTL\Latex\tex/latex/epstopdf-pkg\epstopdf-base.sty
Package: epstopdf-base 2020-01-24 v2.11 Base part for package epstopdf
Package epstopdf-base Info: Redefining graphics rule for `.eps' on input line 4
85.

(D:\COEP Academics\DTL\Latex\tex/latex/00miktex\epstopdf-sys.cfg
File: epstopdf-sys.cfg 2021/03/18 v2.0 Configuration of epstopdf for MiKTeX
))
LaTeX Font Info:    External font `cmex10' loaded for size
(Font)              <12> on input line 8.
LaTeX Font Info:    External font `cmex10' loaded for size
(Font)              <8> on input line 8.
LaTeX Font Info:    External font `cmex10' loaded for size
(Font)              <6> on input line 8.
 [1

{C:/Users/hp/AppData/Local/MiKTeX/fonts/map/pdftex/pdftex.map}] (section.toc
LaTeX Font Info:    External font `cmex10' loaded for size
(Font)              <7> on input line 4.
LaTeX Font Info:    External font `cmex10' loaded for size
(Font)              <5> on input line 4.
)
\tf@toc=\write3
\openout3 = `section.toc'.

 [1]
<coep.jpg, id=12, 1084.05pt x 792.9625pt>
File: coep.jpg Graphic file (type jpg)
<use coep.jpg>
Package pdftex.def Info: coep.jpg  used on input line 20.
(pdftex.def)             Requested size: 241.49895pt x 176.64232pt.

[2 <./coep.jpg>]
<coep3.jpg, id=16, 1164.35pt x 702.625pt>
File: coep3.jpg Graphic file (type jpg)
<use coep3.jpg>
Package pdftex.def Info: coep3.jpg  used on input line 30.
(pdftex.def)             Requested size: 241.49895pt x 145.72227pt.
 [3 <./coep3.jpg>]
<Regatta649.jpg, id=20, 722.7pt x 421.575pt>
File: Regatta649.jpg Graphic file (type jpg)
<use Regatta649.jpg>
Package pdftex.def Info: Regatta649.jpg  used on input line 45.
(pdftex.def)             Requested size: 241.49895pt x 140.8763pt.
<MindSpark.jpg, id=21, 903.375pt x 329.73187pt>
File: MindSpark.jpg Graphic file (type jpg)
<use MindSpark.jpg>
Package pdftex.def Info: MindSpark.jpg  used on input line 51.
(pdftex.def)             Requested size: 241.49895pt x 88.1483pt.
 [4 <./Regatta649.jpg> <./MindSpark.jpg>]
<impressions1.jpg, id=25, 1043.9pt x 782.925pt>
File: impressions1.jpg Graphic file (type jpg)
<use impressions1.jpg>
Package pdftex.def Info: impressions1.jpg  used on input line 57.
(pdftex.def)             Requested size: 172.5pt x 129.3682pt.

[5 <./impressions1.jpg>] [6] (section.aux) ) 
Here is how much of TeX's memory you used:
 1351 strings out of 475385
 22283 string characters out of 2784855
 365980 words of memory out of 3000000
 22759 multiletter control sequences out of 15000+600000
 474120 words of font info for 44 fonts, out of 8000000 for 9000
 1141 hyphenation exceptions out of 8191
 55i,7n,62p,781b,221s stack positions out of 10000i,1000n,20000p,200000b,80000s
<D:/COEP Academics/DTL/Latex/fonts/
type1/public/amsfonts/cm/cmbx10.pfb><D:/COEP Academics/DTL/Latex/fonts/type1/pu
blic/amsfonts/cm/cmbx12.pfb><D:/COEP Academics/DTL/Latex/fonts/type1/public/ams
fonts/cm/cmr10.pfb><D:/COEP Academics/DTL/Latex/fonts/type1/public/amsfonts/cm/
cmr17.pfb>
Output written on section.pdf (7 pages, 1516519 bytes).
PDF statistics:
 51 PDF objects out of 1000 (max. 8388607)
 0 named destinations out of 1000 (max. 500000)
 26 words of extra memory for PDF output out of 10000 (max. 10000000)

