This is pdfTeX, Version 3.141592653-2.6-1.40.24 (MiKTeX 22.10) (preloaded format=pdflatex 2022.11.6)  25 DEC 2022 22:05
entering extended mode
 restricted \write18 enabled.
 %&-line parsing enabled.
**"./table 2.tex"
(table 2.tex
LaTeX2e <2022-06-01> patch level 5
L3 programming layer <2022-09-28>
(D:\COEP Academics\DTL\Latex\tex/latex/base\article.cls
Document Class: article 2021/10/04 v1.4n Standard LaTeX document class
(D:\COEP Academics\DTL\Latex\tex/latex/base\size10.clo
File: size10.clo 2021/10/04 v1.4n Standard LaTeX file (size option)
)
\c@part=\count185
\c@section=\count186
\c@subsection=\count187
\c@subsubsection=\count188
\c@paragraph=\count189
\c@subparagraph=\count190
\c@figure=\count191
\c@table=\count192
\abovecaptionskip=\skip47
\belowcaptionskip=\skip48
\bibindent=\dimen138
)
(D:\COEP Academics\DTL\Latex\tex/latex/booktabs\booktabs.sty
Package: booktabs 2020/01/12 v1.61803398 Publication quality tables
\heavyrulewidth=\dimen139
\lightrulewidth=\dimen140
\cmidrulewidth=\dimen141
\belowrulesep=\dimen142
\belowbottomsep=\dimen143
\aboverulesep=\dimen144
\abovetopsep=\dimen145
\cmidrulesep=\dimen146
\cmidrulekern=\dimen147
\defaultaddspace=\dimen148
\@cmidla=\count193
\@cmidlb=\count194
\@aboverulesep=\dimen149
\@belowrulesep=\dimen150
\@thisruleclass=\count195
\@lastruleclass=\count196
\@thisrulewidth=\dimen151
)
(D:\COEP Academics\DTL\Latex\tex/latex/siunitx\siunitx.sty
Package: siunitx 2022-11-16 v3.1.10 A comprehensive (SI) units package
\l__siunitx_angle_tmp_dim=\dimen152
\l__siunitx_angle_marker_box=\box51
\l__siunitx_angle_unit_box=\box52
\l__siunitx_compound_count_int=\count197

(D:\COEP Academics\DTL\Latex\tex/latex/translations\translations.sty
Package: translations 2022/02/05 v1.12 internationalization of LaTeX2e packages
 (CN)

(D:\COEP Academics\DTL\Latex\tex/latex/etoolbox\etoolbox.sty
Package: etoolbox 2020/10/05 v2.5k e-TeX tools for LaTeX (JAW)
\etb@tempcnta=\count198
)
(D:\COEP Academics\DTL\Latex\tex/generic/pdftexcmds\pdftexcmds.sty
Package: pdftexcmds 2020-06-27 v0.33 Utility functions of pdfTeX for LuaTeX (HO
)

(D:\COEP Academics\DTL\Latex\tex/generic/infwarerr\infwarerr.sty
Package: infwarerr 2019/12/03 v1.5 Providing info/warning/error messages (HO)
)
(D:\COEP Academics\DTL\Latex\tex/generic/iftex\iftex.sty
Package: iftex 2022/02/03 v1.0f TeX engine tests
)
(D:\COEP Academics\DTL\Latex\tex/generic/ltxcmds\ltxcmds.sty
Package: ltxcmds 2020-05-10 v1.25 LaTeX kernel commands for general use (HO)
)
Package pdftexcmds Info: \pdf@primitive is available.
Package pdftexcmds Info: \pdf@ifprimitive is available.
Package pdftexcmds Info: \pdfdraftmode found.
))
\l__siunitx_number_exponent_fixed_int=\count199
\l__siunitx_number_min_decimal_int=\count266
\l__siunitx_number_min_integer_int=\count267
\l__siunitx_number_round_precision_int=\count268
\l__siunitx_number_group_first_int=\count269
\l__siunitx_number_group_size_int=\count270
\l__siunitx_number_group_minimum_int=\count271

(D:\COEP Academics\DTL\Latex\tex/latex/amsmath\amstext.sty
Package: amstext 2021/08/26 v2.01 AMS text

(D:\COEP Academics\DTL\Latex\tex/latex/amsmath\amsgen.sty
File: amsgen.sty 1999/11/30 v2.0 generic functions
\@emptytoks=\toks16
\ex@=\dimen153
))
\l__siunitx_table_tmp_box=\box53
\l__siunitx_table_tmp_dim=\dimen154
\l__siunitx_table_column_width_dim=\dimen155
\l__siunitx_table_integer_box=\box54
\l__siunitx_table_decimal_box=\box55
\l__siunitx_table_before_box=\box56
\l__siunitx_table_after_box=\box57
\l__siunitx_table_before_dim=\dimen156
\l__siunitx_table_carry_dim=\dimen157
\l__siunitx_unit_tmp_int=\count272
\l__siunitx_unit_position_int=\count273
\l__siunitx_unit_total_int=\count274

(D:\COEP Academics\DTL\Latex\tex/latex/tools\array.sty
Package: array 2022/03/10 v2.5f Tabular extension package (FMi)
\col@sep=\dimen158
\ar@mcellbox=\box58
\extrarowheight=\dimen159
\NC@list=\toks17
\extratabsurround=\skip49
\backup@length=\skip50
\ar@cellbox=\box59
))
(D:\COEP Academics\DTL\Latex\tex/latex/pgfplots\pgfplotstable.sty
(D:\COEP Academics\DTL\Latex\tex/generic/pgfplots\pgfplots.revision.tex)
Package: pgfplotstable 2021/05/15 v1.18.1 Table typesetting and Pretty-printing
 (1.18.1)

(D:\COEP Academics\DTL\Latex\tex/latex/pgfplots\pgfplots.sty
(D:\COEP Academics\DTL\Latex\tex/generic/pgfplots\pgfplots.revision.tex)
Package: pgfplots 2021/05/15 v1.18.1 Data Visualization (1.18.1)

(D:\COEP Academics\DTL\Latex\tex/latex/graphics\graphicx.sty
Package: graphicx 2021/09/16 v1.2d Enhanced LaTeX Graphics (DPC,SPQR)

(D:\COEP Academics\DTL\Latex\tex/latex/graphics\keyval.sty
Package: keyval 2022/05/29 v1.15 key=value parser (DPC)
\KV@toks@=\toks18
)
(D:\COEP Academics\DTL\Latex\tex/latex/graphics\graphics.sty
Package: graphics 2022/03/10 v1.4e Standard LaTeX Graphics (DPC,SPQR)

(D:\COEP Academics\DTL\Latex\tex/latex/graphics\trig.sty
Package: trig 2021/08/11 v1.11 sin cos tan (DPC)
)
(D:\COEP Academics\DTL\Latex\tex/latex/graphics-cfg\graphics.cfg
File: graphics.cfg 2016/06/04 v1.11 sample graphics configuration
)
Package graphics Info: Driver file: pdftex.def on input line 107.

(D:\COEP Academics\DTL\Latex\tex/latex/graphics-def\pdftex.def
File: pdftex.def 2022/09/22 v1.2b Graphics/color driver for pdftex
\stockwidth=\dimen160
\stockheight=\dimen161
))
\Gin@req@height=\dimen162
\Gin@req@width=\dimen163
)
(D:\COEP Academics\DTL\Latex\tex/latex/pgf/frontendlayer\tikz.sty
(D:\COEP Academics\DTL\Latex\tex/latex/pgf/basiclayer\pgf.sty
(D:\COEP Academics\DTL\Latex\tex/latex/pgf/utilities\pgfrcs.sty
(D:\COEP Academics\DTL\Latex\tex/generic/pgf/utilities\pgfutil-common.tex
\pgfutil@everybye=\toks19
\pgfutil@tempdima=\dimen164
\pgfutil@tempdimb=\dimen165

(D:\COEP Academics\DTL\Latex\tex/generic/pgf/utilities\pgfutil-common-lists.tex
)) (D:\COEP Academics\DTL\Latex\tex/generic/pgf/utilities\pgfutil-latex.def
\pgfutil@abb=\box60
)
(D:\COEP Academics\DTL\Latex\tex/generic/pgf/utilities\pgfrcs.code.tex
(D:\COEP Academics\DTL\Latex\tex/generic/pgf\pgf.revision.tex)
Package: pgfrcs 2021/05/15 v3.1.9a (3.1.9a)
))
Package: pgf 2021/05/15 v3.1.9a (3.1.9a)

(D:\COEP Academics\DTL\Latex\tex/latex/pgf/basiclayer\pgfcore.sty
(D:\COEP Academics\DTL\Latex\tex/latex/pgf/systemlayer\pgfsys.sty
(D:\COEP Academics\DTL\Latex\tex/generic/pgf/systemlayer\pgfsys.code.tex
Package: pgfsys 2021/05/15 v3.1.9a (3.1.9a)

(D:\COEP Academics\DTL\Latex\tex/generic/pgf/utilities\pgfkeys.code.tex
\pgfkeys@pathtoks=\toks20
\pgfkeys@temptoks=\toks21

(D:\COEP Academics\DTL\Latex\tex/generic/pgf/utilities\pgfkeysfiltered.code.tex
\pgfkeys@tmptoks=\toks22
))
\pgf@x=\dimen166
\pgf@y=\dimen167
\pgf@xa=\dimen168
\pgf@ya=\dimen169
\pgf@xb=\dimen170
\pgf@yb=\dimen171
\pgf@xc=\dimen172
\pgf@yc=\dimen173
\pgf@xd=\dimen174
\pgf@yd=\dimen175
\w@pgf@writea=\write3
\r@pgf@reada=\read2
\c@pgf@counta=\count275
\c@pgf@countb=\count276
\c@pgf@countc=\count277
\c@pgf@countd=\count278
\t@pgf@toka=\toks23
\t@pgf@tokb=\toks24
\t@pgf@tokc=\toks25
\pgf@sys@id@count=\count279
 (D:\COEP Academics\DTL\Latex\tex/generic/pgf/systemlayer\pgf.cfg
File: pgf.cfg 2021/05/15 v3.1.9a (3.1.9a)
)
Driver file for pgf: pgfsys-pdftex.def

(D:\COEP Academics\DTL\Latex\tex/generic/pgf/systemlayer\pgfsys-pdftex.def
File: pgfsys-pdftex.def 2021/05/15 v3.1.9a (3.1.9a)

(D:\COEP Academics\DTL\Latex\tex/generic/pgf/systemlayer\pgfsys-common-pdf.def
File: pgfsys-common-pdf.def 2021/05/15 v3.1.9a (3.1.9a)
)))
(D:\COEP Academics\DTL\Latex\tex/generic/pgf/systemlayer\pgfsyssoftpath.code.te
x
File: pgfsyssoftpath.code.tex 2021/05/15 v3.1.9a (3.1.9a)
\pgfsyssoftpath@smallbuffer@items=\count280
\pgfsyssoftpath@bigbuffer@items=\count281
)
(D:\COEP Academics\DTL\Latex\tex/generic/pgf/systemlayer\pgfsysprotocol.code.te
x
File: pgfsysprotocol.code.tex 2021/05/15 v3.1.9a (3.1.9a)
)) (D:\COEP Academics\DTL\Latex\tex/latex/xcolor\xcolor.sty
Package: xcolor 2022/06/12 v2.14 LaTeX color extensions (UK)

(D:\COEP Academics\DTL\Latex\tex/latex/graphics-cfg\color.cfg
File: color.cfg 2016/01/02 v1.6 sample color configuration
)
Package xcolor Info: Driver file: pdftex.def on input line 227.

(D:\COEP Academics\DTL\Latex\tex/latex/graphics\mathcolor.ltx)
Package xcolor Info: Model `cmy' substituted by `cmy0' on input line 1353.
Package xcolor Info: Model `hsb' substituted by `rgb' on input line 1357.
Package xcolor Info: Model `RGB' extended on input line 1369.
Package xcolor Info: Model `HTML' substituted by `rgb' on input line 1371.
Package xcolor Info: Model `Hsb' substituted by `hsb' on input line 1372.
Package xcolor Info: Model `tHsb' substituted by `hsb' on input line 1373.
Package xcolor Info: Model `HSB' substituted by `hsb' on input line 1374.
Package xcolor Info: Model `Gray' substituted by `gray' on input line 1375.
Package xcolor Info: Model `wave' substituted by `hsb' on input line 1376.
)
(D:\COEP Academics\DTL\Latex\tex/generic/pgf/basiclayer\pgfcore.code.tex
Package: pgfcore 2021/05/15 v3.1.9a (3.1.9a)

(D:\COEP Academics\DTL\Latex\tex/generic/pgf/math\pgfmath.code.tex
(D:\COEP Academics\DTL\Latex\tex/generic/pgf/math\pgfmathcalc.code.tex
(D:\COEP Academics\DTL\Latex\tex/generic/pgf/math\pgfmathutil.code.tex)
(D:\COEP Academics\DTL\Latex\tex/generic/pgf/math\pgfmathparser.code.tex
\pgfmath@dimen=\dimen176
\pgfmath@count=\count282
\pgfmath@box=\box61
\pgfmath@toks=\toks26
\pgfmath@stack@operand=\toks27
\pgfmath@stack@operation=\toks28
)
(D:\COEP Academics\DTL\Latex\tex/generic/pgf/math\pgfmathfunctions.code.tex
(D:\COEP Academics\DTL\Latex\tex/generic/pgf/math\pgfmathfunctions.basic.code.t
ex)
(D:\COEP Academics\DTL\Latex\tex/generic/pgf/math\pgfmathfunctions.trigonometri
c.code.tex)
(D:\COEP Academics\DTL\Latex\tex/generic/pgf/math\pgfmathfunctions.random.code.
tex)
(D:\COEP Academics\DTL\Latex\tex/generic/pgf/math\pgfmathfunctions.comparison.c
ode.tex)
(D:\COEP Academics\DTL\Latex\tex/generic/pgf/math\pgfmathfunctions.base.code.te
x)
(D:\COEP Academics\DTL\Latex\tex/generic/pgf/math\pgfmathfunctions.round.code.t
ex)
(D:\COEP Academics\DTL\Latex\tex/generic/pgf/math\pgfmathfunctions.misc.code.te
x)
(D:\COEP Academics\DTL\Latex\tex/generic/pgf/math\pgfmathfunctions.integerarith
metics.code.tex)))
(D:\COEP Academics\DTL\Latex\tex/generic/pgf/math\pgfmathfloat.code.tex
\c@pgfmathroundto@lastzeros=\count283
))
(D:\COEP Academics\DTL\Latex\tex/generic/pgf/math\pgfint.code.tex)
(D:\COEP Academics\DTL\Latex\tex/generic/pgf/basiclayer\pgfcorepoints.code.tex
File: pgfcorepoints.code.tex 2021/05/15 v3.1.9a (3.1.9a)
\pgf@picminx=\dimen177
\pgf@picmaxx=\dimen178
\pgf@picminy=\dimen179
\pgf@picmaxy=\dimen180
\pgf@pathminx=\dimen181
\pgf@pathmaxx=\dimen182
\pgf@pathminy=\dimen183
\pgf@pathmaxy=\dimen184
\pgf@xx=\dimen185
\pgf@xy=\dimen186
\pgf@yx=\dimen187
\pgf@yy=\dimen188
\pgf@zx=\dimen189
\pgf@zy=\dimen190
)
(D:\COEP Academics\DTL\Latex\tex/generic/pgf/basiclayer\pgfcorepathconstruct.co
de.tex
File: pgfcorepathconstruct.code.tex 2021/05/15 v3.1.9a (3.1.9a)
\pgf@path@lastx=\dimen191
\pgf@path@lasty=\dimen192
)
(D:\COEP Academics\DTL\Latex\tex/generic/pgf/basiclayer\pgfcorepathusage.code.t
ex
File: pgfcorepathusage.code.tex 2021/05/15 v3.1.9a (3.1.9a)
\pgf@shorten@end@additional=\dimen193
\pgf@shorten@start@additional=\dimen194
)
(D:\COEP Academics\DTL\Latex\tex/generic/pgf/basiclayer\pgfcorescopes.code.tex
File: pgfcorescopes.code.tex 2021/05/15 v3.1.9a (3.1.9a)
\pgfpic=\box62
\pgf@hbox=\box63
\pgf@layerbox@main=\box64
\pgf@picture@serial@count=\count284
)
(D:\COEP Academics\DTL\Latex\tex/generic/pgf/basiclayer\pgfcoregraphicstate.cod
e.tex
File: pgfcoregraphicstate.code.tex 2021/05/15 v3.1.9a (3.1.9a)
\pgflinewidth=\dimen195
)
(D:\COEP Academics\DTL\Latex\tex/generic/pgf/basiclayer\pgfcoretransformations.
code.tex
File: pgfcoretransformations.code.tex 2021/05/15 v3.1.9a (3.1.9a)
\pgf@pt@x=\dimen196
\pgf@pt@y=\dimen197
\pgf@pt@temp=\dimen198
)
(D:\COEP Academics\DTL\Latex\tex/generic/pgf/basiclayer\pgfcorequick.code.tex
File: pgfcorequick.code.tex 2021/05/15 v3.1.9a (3.1.9a)
)
(D:\COEP Academics\DTL\Latex\tex/generic/pgf/basiclayer\pgfcoreobjects.code.tex
File: pgfcoreobjects.code.tex 2021/05/15 v3.1.9a (3.1.9a)
)
(D:\COEP Academics\DTL\Latex\tex/generic/pgf/basiclayer\pgfcorepathprocessing.c
ode.tex
File: pgfcorepathprocessing.code.tex 2021/05/15 v3.1.9a (3.1.9a)
)
(D:\COEP Academics\DTL\Latex\tex/generic/pgf/basiclayer\pgfcorearrows.code.tex
File: pgfcorearrows.code.tex 2021/05/15 v3.1.9a (3.1.9a)
\pgfarrowsep=\dimen199
) (D:\COEP Academics\DTL\Latex\tex/generic/pgf/basiclayer\pgfcoreshade.code.tex
File: pgfcoreshade.code.tex 2021/05/15 v3.1.9a (3.1.9a)
\pgf@max=\dimen256
\pgf@sys@shading@range@num=\count285
\pgf@shadingcount=\count286
) (D:\COEP Academics\DTL\Latex\tex/generic/pgf/basiclayer\pgfcoreimage.code.tex
File: pgfcoreimage.code.tex 2021/05/15 v3.1.9a (3.1.9a)

(D:\COEP Academics\DTL\Latex\tex/generic/pgf/basiclayer\pgfcoreexternal.code.te
x
File: pgfcoreexternal.code.tex 2021/05/15 v3.1.9a (3.1.9a)
\pgfexternal@startupbox=\box65
))
(D:\COEP Academics\DTL\Latex\tex/generic/pgf/basiclayer\pgfcorelayers.code.tex
File: pgfcorelayers.code.tex 2021/05/15 v3.1.9a (3.1.9a)
)
(D:\COEP Academics\DTL\Latex\tex/generic/pgf/basiclayer\pgfcoretransparency.cod
e.tex
File: pgfcoretransparency.code.tex 2021/05/15 v3.1.9a (3.1.9a)
)
(D:\COEP Academics\DTL\Latex\tex/generic/pgf/basiclayer\pgfcorepatterns.code.te
x
File: pgfcorepatterns.code.tex 2021/05/15 v3.1.9a (3.1.9a)
) (D:\COEP Academics\DTL\Latex\tex/generic/pgf/basiclayer\pgfcorerdf.code.tex
File: pgfcorerdf.code.tex 2021/05/15 v3.1.9a (3.1.9a)
)))
(D:\COEP Academics\DTL\Latex\tex/generic/pgf/modules\pgfmoduleshapes.code.tex
File: pgfmoduleshapes.code.tex 2021/05/15 v3.1.9a (3.1.9a)
\pgfnodeparttextbox=\box66
)
(D:\COEP Academics\DTL\Latex\tex/generic/pgf/modules\pgfmoduleplot.code.tex
File: pgfmoduleplot.code.tex 2021/05/15 v3.1.9a (3.1.9a)
)
(D:\COEP Academics\DTL\Latex\tex/latex/pgf/compatibility\pgfcomp-version-0-65.s
ty
Package: pgfcomp-version-0-65 2021/05/15 v3.1.9a (3.1.9a)
\pgf@nodesepstart=\dimen257
\pgf@nodesepend=\dimen258
)
(D:\COEP Academics\DTL\Latex\tex/latex/pgf/compatibility\pgfcomp-version-1-18.s
ty
Package: pgfcomp-version-1-18 2021/05/15 v3.1.9a (3.1.9a)
)) (D:\COEP Academics\DTL\Latex\tex/latex/pgf/utilities\pgffor.sty
(D:\COEP Academics\DTL\Latex\tex/latex/pgf/utilities\pgfkeys.sty
(D:\COEP Academics\DTL\Latex\tex/generic/pgf/utilities\pgfkeys.code.tex))
(D:\COEP Academics\DTL\Latex\tex/latex/pgf/math\pgfmath.sty
(D:\COEP Academics\DTL\Latex\tex/generic/pgf/math\pgfmath.code.tex))
(D:\COEP Academics\DTL\Latex\tex/generic/pgf/utilities\pgffor.code.tex
Package: pgffor 2021/05/15 v3.1.9a (3.1.9a)

(D:\COEP Academics\DTL\Latex\tex/generic/pgf/math\pgfmath.code.tex)
\pgffor@iter=\dimen259
\pgffor@skip=\dimen260
\pgffor@stack=\toks29
\pgffor@toks=\toks30
))
(D:\COEP Academics\DTL\Latex\tex/generic/pgf/frontendlayer/tikz\tikz.code.tex
Package: tikz 2021/05/15 v3.1.9a (3.1.9a)

(D:\COEP Academics\DTL\Latex\tex/generic/pgf/libraries\pgflibraryplothandlers.c
ode.tex
File: pgflibraryplothandlers.code.tex 2021/05/15 v3.1.9a (3.1.9a)
\pgf@plot@mark@count=\count287
\pgfplotmarksize=\dimen261
)
\tikz@lastx=\dimen262
\tikz@lasty=\dimen263
\tikz@lastxsaved=\dimen264
\tikz@lastysaved=\dimen265
\tikz@lastmovetox=\dimen266
\tikz@lastmovetoy=\dimen267
\tikzleveldistance=\dimen268
\tikzsiblingdistance=\dimen269
\tikz@figbox=\box67
\tikz@figbox@bg=\box68
\tikz@tempbox=\box69
\tikz@tempbox@bg=\box70
\tikztreelevel=\count288
\tikznumberofchildren=\count289
\tikznumberofcurrentchild=\count290
\tikz@fig@count=\count291

(D:\COEP Academics\DTL\Latex\tex/generic/pgf/modules\pgfmodulematrix.code.tex
File: pgfmodulematrix.code.tex 2021/05/15 v3.1.9a (3.1.9a)
\pgfmatrixcurrentrow=\count292
\pgfmatrixcurrentcolumn=\count293
\pgf@matrix@numberofcolumns=\count294
)
\tikz@expandcount=\count295

(D:\COEP Academics\DTL\Latex\tex/generic/pgf/frontendlayer/tikz/libraries\tikzl
ibrarytopaths.code.tex
File: tikzlibrarytopaths.code.tex 2021/05/15 v3.1.9a (3.1.9a)
)))
(D:\COEP Academics\DTL\Latex\tex/generic/pgfplots\pgfplots.code.tex
(D:\COEP Academics\DTL\Latex\tex/generic/pgfplots\pgfplotscore.code.tex
\t@pgfplots@toka=\toks31
\t@pgfplots@tokb=\toks32
\t@pgfplots@tokc=\toks33
\pgfplots@tmpa=\dimen270
\c@pgfplots@coordindex=\count296
\c@pgfplots@scanlineindex=\count297

(D:\COEP Academics\DTL\Latex\tex/generic/pgfplots/sys\pgfplotssysgeneric.code.t
ex))
(D:\COEP Academics\DTL\Latex\tex/generic/pgfplots/libs\pgfplotslibrary.code.tex
)
(D:\COEP Academics\DTL\Latex\tex/generic/pgfplots/oldpgfcompatib\pgfplotsoldpgf
supp_loader.code.tex
(D:\COEP Academics\DTL\Latex\tex/generic/pgf/libraries\pgflibraryfpu.code.tex))
(D:\COEP Academics\DTL\Latex\tex/generic/pgfplots/util\pgfplotsutil.code.tex
(D:\COEP Academics\DTL\Latex\tex/generic/pgfplots/liststructure\pgfplotsliststr
ucture.code.tex)
(D:\COEP Academics\DTL\Latex\tex/generic/pgfplots/liststructure\pgfplotsliststr
uctureext.code.tex)
(D:\COEP Academics\DTL\Latex\tex/generic/pgfplots/liststructure\pgfplotsarray.c
ode.tex
\c@pgfplotsarray@tmp=\count298
)
(D:\COEP Academics\DTL\Latex\tex/generic/pgfplots/liststructure\pgfplotsmatrix.
code.tex)
(D:\COEP Academics\DTL\Latex\tex/generic/pgfplots/numtable\pgfplotstableshared.
code.tex
\c@pgfplotstable@counta=\count299
\t@pgfplotstable@a=\toks34
)
(D:\COEP Academics\DTL\Latex\tex/generic/pgfplots/liststructure\pgfplotsdeque.c
ode.tex)
(D:\COEP Academics\DTL\Latex\tex/generic/pgfplots/util\pgfplotsbinary.code.tex
(D:\COEP Academics\DTL\Latex\tex/generic/pgfplots/util\pgfplotsbinary.data.code
.tex))
(D:\COEP Academics\DTL\Latex\tex/generic/pgfplots/util\pgfplotsutil.verb.code.t
ex)
(D:\COEP Academics\DTL\Latex\tex/generic/pgfplots/libs\pgflibrarypgfplots.surfs
hading.code.tex
\c@pgfplotslibrarysurf@no=\count300

(D:\COEP Academics\DTL\Latex\tex/generic/pgfplots/sys\pgflibrarypgfplots.surfsh
ading.pgfsys-pdftex.def)))
(D:\COEP Academics\DTL\Latex\tex/generic/pgfplots/util\pgfplotscolormap.code.te
x (D:\COEP Academics\DTL\Latex\tex/generic/pgfplots/util\pgfplotscolor.code.tex
))
(D:\COEP Academics\DTL\Latex\tex/generic/pgfplots\pgfplotsstackedplots.code.tex
)
(D:\COEP Academics\DTL\Latex\tex/generic/pgfplots\pgfplotsplothandlers.code.tex

(D:\COEP Academics\DTL\Latex\tex/generic/pgfplots\pgfplotsmeshplothandler.code.
tex
(D:\COEP Academics\DTL\Latex\tex/generic/pgfplots\pgfplotsmeshplotimage.code.te
x)))
(D:\COEP Academics\DTL\Latex\tex/generic/pgfplots\pgfplots.scaling.code.tex)
(D:\COEP Academics\DTL\Latex\tex/generic/pgfplots\pgfplotscoordprocessing.code.
tex)
(D:\COEP Academics\DTL\Latex\tex/generic/pgfplots\pgfplots.errorbars.code.tex)
(D:\COEP Academics\DTL\Latex\tex/generic/pgfplots\pgfplots.markers.code.tex)
(D:\COEP Academics\DTL\Latex\tex/generic/pgfplots\pgfplotsticks.code.tex)
(D:\COEP Academics\DTL\Latex\tex/generic/pgfplots\pgfplots.paths.code.tex)
(D:\COEP Academics\DTL\Latex\tex/generic/pgf/frontendlayer/tikz/libraries\tikzl
ibrarydecorations.code.tex
(D:\COEP Academics\DTL\Latex\tex/generic/pgf/modules\pgfmoduledecorations.code.
tex
\pgfdecoratedcompleteddistance=\dimen271
\pgfdecoratedremainingdistance=\dimen272
\pgfdecoratedinputsegmentcompleteddistance=\dimen273
\pgfdecoratedinputsegmentremainingdistance=\dimen274
\pgf@decorate@distancetomove=\dimen275
\pgf@decorate@repeatstate=\count301
\pgfdecorationsegmentamplitude=\dimen276
\pgfdecorationsegmentlength=\dimen277
)
\tikz@lib@dec@box=\box71
)
(D:\COEP Academics\DTL\Latex\tex/generic/pgf/frontendlayer/tikz/libraries\tikzl
ibrarydecorations.pathmorphing.code.tex
(D:\COEP Academics\DTL\Latex\tex/generic/pgf/libraries/decorations\pgflibraryde
corations.pathmorphing.code.tex))
(D:\COEP Academics\DTL\Latex\tex/generic/pgf/frontendlayer/tikz/libraries\tikzl
ibrarydecorations.pathreplacing.code.tex
(D:\COEP Academics\DTL\Latex\tex/generic/pgf/libraries/decorations\pgflibraryde
corations.pathreplacing.code.tex))
(D:\COEP Academics\DTL\Latex\tex/generic/pgfplots/libs\tikzlibrarypgfplots.cont
ourlua.code.tex)
\pgfplots@numplots=\count302
\pgfplots@xmin@reg=\dimen278
\pgfplots@xmax@reg=\dimen279
\pgfplots@ymin@reg=\dimen280
\pgfplots@ymax@reg=\dimen281
\pgfplots@zmin@reg=\dimen282
\pgfplots@zmax@reg=\dimen283
)
(D:\COEP Academics\DTL\Latex\tex/generic/pgf/frontendlayer/tikz/libraries\tikzl
ibraryplotmarks.code.tex
File: tikzlibraryplotmarks.code.tex 2021/05/15 v3.1.9a (3.1.9a)

(D:\COEP Academics\DTL\Latex\tex/generic/pgf/libraries\pgflibraryplotmarks.code
.tex
File: pgflibraryplotmarks.code.tex 2021/05/15 v3.1.9a (3.1.9a)
)))
(D:\COEP Academics\DTL\Latex\tex/generic/pgfplots/numtable\pgfplotstable.code.t
ex
(D:\COEP Academics\DTL\Latex\tex/generic/pgfplots/numtable\pgfplotstable.coltyp
e.code.tex)))
! Undefined control sequence.
<recently read> \sisetip 
                         
l.9 \sisetip
            {
The control sequence at the end of the top line
of your error message was never \def'ed. If you have
misspelled it (e.g., `\hobx'), type `I' and the correct
spelling (e.g., `I\hbox'). Otherwise just continue,
and I'll forget about whatever was undefined.


! LaTeX Error: Missing \begin{document}.

See the LaTeX manual or LaTeX Companion for explanation.
Type  H <return>  for immediate help.
 ...                                              
                                                  
l.10 	r
       ound-mode=places,
You're in trouble here.  Try typing  <return>  to proceed.
If that doesn't work, type  X <return>  to quit.

Package translations Info: No language package found. I am going to use `englis
h' as default language. on input line 15.
(D:\COEP Academics\DTL\Latex\tex/latex/l3backend\l3backend-pdftex.def
File: l3backend-pdftex.def 2022-09-28 L3 backend support: PDF output (pdfTeX)
\l__color_backend_stack_int=\count303
\l__pdf_internal_box=\box72
)
(table 2.aux)
\openout1 = `"table 2.aux"'.

LaTeX Font Info:    Checking defaults for OML/cmm/m/it on input line 15.
LaTeX Font Info:    ... okay on input line 15.
LaTeX Font Info:    Checking defaults for OMS/cmsy/m/n on input line 15.
LaTeX Font Info:    ... okay on input line 15.
LaTeX Font Info:    Checking defaults for OT1/cmr/m/n on input line 15.
LaTeX Font Info:    ... okay on input line 15.
LaTeX Font Info:    Checking defaults for T1/cmr/m/n on input line 15.
LaTeX Font Info:    ... okay on input line 15.
LaTeX Font Info:    Checking defaults for TS1/cmr/m/n on input line 15.
LaTeX Font Info:    ... okay on input line 15.
LaTeX Font Info:    Checking defaults for OMX/cmex/m/n on input line 15.
LaTeX Font Info:    ... okay on input line 15.
LaTeX Font Info:    Checking defaults for U/cmr/m/n on input line 15.
LaTeX Font Info:    ... okay on input line 15.

(D:\COEP Academics\DTL\Latex\tex/latex/translations/dicts\translations-basic-di
ctionary-english.trsl
File: translations-basic-dictionary-english.trsl (english translation file `tra
nslations-basic-dictionary')
)
Package translations Info: loading dictionary `translations-basic-dictionary' f
or `english'. on input line 15.

(D:\COEP Academics\DTL\Latex\tex/context/base/mkii\supp-pdf.mkii
[Loading MPS to PDF converter (version 2006.09.02).]
\scratchcounter=\count304
\scratchdimen=\dimen284
\scratchbox=\box73
\nofMPsegments=\count305
\nofMParguments=\count306
\everyMPshowfont=\toks35
\MPscratchCnt=\count307
\MPscratchDim=\dimen285
\MPnumerator=\count308
\makeMPintoPDFobject=\count309
\everyMPtoPDFconversion=\toks36
) (D:\COEP Academics\DTL\Latex\tex/latex/epstopdf-pkg\epstopdf-base.sty
Package: epstopdf-base 2020-01-24 v2.11 Base part for package epstopdf
Package epstopdf-base Info: Redefining graphics rule for `.eps' on input line 4
85.

(D:\COEP Academics\DTL\Latex\tex/latex/00miktex\epstopdf-sys.cfg
File: epstopdf-sys.cfg 2021/03/18 v2.0 Configuration of epstopdf for MiKTeX
))

Package pgfplots Warning: running in backwards compatibility mode (unsuitable t
ick labels; missing features). Consider writing \pgfplotsset{compat=1.18} into 
your preamble.
 on input line 15.

)
Runaway argument?
multicolumn names,col sep=comma,display columns/1/.style={ column nam\ETC.
! File ended while scanning use of \pgfplotstabletypeset@opt.
<inserted text> 
                \par 
<*> "./table 2.tex"
                   
I suspect you have forgotten a `}', causing me
to read past where you wanted me to stop.
I'll try to recover; but if the error is serious,
you'd better type `E' or `X' now and fix your file.

! Emergency stop.
<*> "./table 2.tex"
                   
*** (job aborted, no legal \end found)

 
Here is how much of TeX's memory you used:
 26593 strings out of 475385
 727016 string characters out of 2784855
 1137324 words of memory out of 3000000
 47616 multiletter control sequences out of 15000+600000
 469259 words of font info for 28 fonts, out of 8000000 for 9000
 1141 hyphenation exceptions out of 8191
 114i,3n,117p,717b,609s stack positions out of 10000i,1000n,20000p,200000b,80000s
!  ==> Fatal error occurred, no output PDF file produced!
