This is pdfTeX, Version 3.141592653-2.6-1.40.24 (MiKTeX 22.10) (preloaded format=pdflatex 2022.11.6)  25 DEC 2022 22:06
entering extended mode
 restricted \write18 enabled.
 %&-line parsing enabled.
**./tables.tex
(tables.tex
LaTeX2e <2022-06-01> patch level 5
L3 programming layer <2022-09-28>
(D:\COEP Academics\DTL\Latex\tex/latex/base\article.cls
Document Class: article 2021/10/04 v1.4n Standard LaTeX document class
(D:\COEP Academics\DTL\Latex\tex/latex/base\size10.clo
File: size10.clo 2021/10/04 v1.4n Standard LaTeX file (size option)
)
\c@part=\count185
\c@section=\count186
\c@subsection=\count187
\c@subsubsection=\count188
\c@paragraph=\count189
\c@subparagraph=\count190
\c@figure=\count191
\c@table=\count192
\abovecaptionskip=\skip47
\belowcaptionskip=\skip48
\bibindent=\dimen138
)
(D:\COEP Academics\DTL\Latex\tex/latex/graphics\graphicx.sty
Package: graphicx 2021/09/16 v1.2d Enhanced LaTeX Graphics (DPC,SPQR)

(D:\COEP Academics\DTL\Latex\tex/latex/graphics\keyval.sty
Package: keyval 2022/05/29 v1.15 key=value parser (DPC)
\KV@toks@=\toks16
)
(D:\COEP Academics\DTL\Latex\tex/latex/graphics\graphics.sty
Package: graphics 2022/03/10 v1.4e Standard LaTeX Graphics (DPC,SPQR)

(D:\COEP Academics\DTL\Latex\tex/latex/graphics\trig.sty
Package: trig 2021/08/11 v1.11 sin cos tan (DPC)
)
(D:\COEP Academics\DTL\Latex\tex/latex/graphics-cfg\graphics.cfg
File: graphics.cfg 2016/06/04 v1.11 sample graphics configuration
)
Package graphics Info: Driver file: pdftex.def on input line 107.

(D:\COEP Academics\DTL\Latex\tex/latex/graphics-def\pdftex.def
File: pdftex.def 2022/09/22 v1.2b Graphics/color driver for pdftex
\stockwidth=\dimen139
\stockheight=\dimen140
))
\Gin@req@height=\dimen141
\Gin@req@width=\dimen142
)
(D:\COEP Academics\DTL\Latex\tex/latex/caption\subcaption.sty
Package: subcaption 2022/01/07 v1.5 Sub-captions (AR)

(D:\COEP Academics\DTL\Latex\tex/latex/caption\caption.sty
Package: caption 2022/03/01 v3.6b Customizing captions (AR)

(D:\COEP Academics\DTL\Latex\tex/latex/caption\caption3.sty
Package: caption3 2022/03/17 v2.3b caption3 kernel (AR)
\caption@tempdima=\dimen143
\captionmargin=\dimen144
\caption@leftmargin=\dimen145
\caption@rightmargin=\dimen146
\caption@width=\dimen147
\caption@indent=\dimen148
\caption@parindent=\dimen149
\caption@hangindent=\dimen150
Package caption Info: Standard document class detected.
)
\c@caption@flags=\count193
\c@continuedfloat=\count194
)
\c@subfigure=\count195
\c@subtable=\count196
)
(D:\COEP Academics\DTL\Latex\tex/latex/csvsimple\csvsimple.sty
(D:\COEP Academics\DTL\Latex\tex/latex/l3packages/l3keys2e\l3keys2e.sty
(D:\COEP Academics\DTL\Latex\tex/latex/l3kernel\expl3.sty
Package: expl3 2022-09-28 L3 programming layer (loader) 

(D:\COEP Academics\DTL\Latex\tex/latex/l3backend\l3backend-pdftex.def
File: l3backend-pdftex.def 2022-09-28 L3 backend support: PDF output (pdfTeX)
\l__color_backend_stack_int=\count197
\l__pdf_internal_box=\box51
))
Package: l3keys2e 2022-06-22 LaTeX2e option processing using LaTeX3 keys
)
Package: csvsimple 2022/09/20 v2.3.2 LaTeX CSV file processing
)
(D:\COEP Academics\DTL\Latex\tex/latex/csvsimple\csvsimple-legacy.sty
Package: csvsimple-legacy 2022/09/20 version 2.3.2 LaTeX2e CSV file processing

(D:\COEP Academics\DTL\Latex\tex/latex/pgf/utilities\pgfrcs.sty
(D:\COEP Academics\DTL\Latex\tex/generic/pgf/utilities\pgfutil-common.tex
\pgfutil@everybye=\toks17
\pgfutil@tempdima=\dimen151
\pgfutil@tempdimb=\dimen152

(D:\COEP Academics\DTL\Latex\tex/generic/pgf/utilities\pgfutil-common-lists.tex
)) (D:\COEP Academics\DTL\Latex\tex/generic/pgf/utilities\pgfutil-latex.def
\pgfutil@abb=\box52
)
(D:\COEP Academics\DTL\Latex\tex/generic/pgf/utilities\pgfrcs.code.tex
(D:\COEP Academics\DTL\Latex\tex/generic/pgf\pgf.revision.tex)
Package: pgfrcs 2021/05/15 v3.1.9a (3.1.9a)
))
(D:\COEP Academics\DTL\Latex\tex/latex/pgf/utilities\pgfkeys.sty
(D:\COEP Academics\DTL\Latex\tex/generic/pgf/utilities\pgfkeys.code.tex
\pgfkeys@pathtoks=\toks18
\pgfkeys@temptoks=\toks19

(D:\COEP Academics\DTL\Latex\tex/generic/pgf/utilities\pgfkeysfiltered.code.tex
\pgfkeys@tmptoks=\toks20
))) (D:\COEP Academics\DTL\Latex\tex/latex/base\ifthen.sty
Package: ifthen 2022/04/13 v1.1d Standard LaTeX ifthen package (DPC)
)
(D:\COEP Academics\DTL\Latex\tex/latex/etoolbox\etoolbox.sty
Package: etoolbox 2020/10/05 v2.5k e-TeX tools for LaTeX (JAW)
\etb@tempcnta=\count198
)
(D:\COEP Academics\DTL\Latex\tex/latex/tools\shellesc.sty
Package: shellesc 2019/11/08 v1.0c unified shell escape interface for LaTeX
Package shellesc Info: Restricted shell escape enabled on input line 77.
)
\csv@file=\read2
\c@csvinputline=\count199
\c@csvrow=\count266
\c@csvcol=\count267
\csv@out=\write3
) (tables.aux)
\openout1 = `tables.aux'.

LaTeX Font Info:    Checking defaults for OML/cmm/m/it on input line 8.
LaTeX Font Info:    ... okay on input line 8.
LaTeX Font Info:    Checking defaults for OMS/cmsy/m/n on input line 8.
LaTeX Font Info:    ... okay on input line 8.
LaTeX Font Info:    Checking defaults for OT1/cmr/m/n on input line 8.
LaTeX Font Info:    ... okay on input line 8.
LaTeX Font Info:    Checking defaults for T1/cmr/m/n on input line 8.
LaTeX Font Info:    ... okay on input line 8.
LaTeX Font Info:    Checking defaults for TS1/cmr/m/n on input line 8.
LaTeX Font Info:    ... okay on input line 8.
LaTeX Font Info:    Checking defaults for OMX/cmex/m/n on input line 8.
LaTeX Font Info:    ... okay on input line 8.
LaTeX Font Info:    Checking defaults for U/cmr/m/n on input line 8.
LaTeX Font Info:    ... okay on input line 8.

(D:\COEP Academics\DTL\Latex\tex/context/base/mkii\supp-pdf.mkii
[Loading MPS to PDF converter (version 2006.09.02).]
\scratchcounter=\count268
\scratchdimen=\dimen153
\scratchbox=\box53
\nofMPsegments=\count269
\nofMParguments=\count270
\everyMPshowfont=\toks21
\MPscratchCnt=\count271
\MPscratchDim=\dimen154
\MPnumerator=\count272
\makeMPintoPDFobject=\count273
\everyMPtoPDFconversion=\toks22
) (D:\COEP Academics\DTL\Latex\tex/latex/epstopdf-pkg\epstopdf-base.sty
Package: epstopdf-base 2020-01-24 v2.11 Base part for package epstopdf
Package epstopdf-base Info: Redefining graphics rule for `.eps' on input line 4
85.

(D:\COEP Academics\DTL\Latex\tex/latex/00miktex\epstopdf-sys.cfg
File: epstopdf-sys.cfg 2021/03/18 v2.0 Configuration of epstopdf for MiKTeX
))
Package caption Info: Begin \AtBeginDocument code.
Package caption Info: End \AtBeginDocument code.
LaTeX Font Info:    External font `cmex10' loaded for size
(Font)              <12> on input line 9.
LaTeX Font Info:    External font `cmex10' loaded for size
(Font)              <8> on input line 9.
LaTeX Font Info:    External font `cmex10' loaded for size
(Font)              <6> on input line 9.
 [1

{C:/Users/hp/AppData/Local/MiKTeX/fonts/map/pdftex/pdftex.map}]
<polluted_cities.jpg, id=8, 803.0pt x 401.5pt>
File: polluted_cities.jpg Graphic file (type jpg)
<use polluted_cities.jpg>
Package pdftex.def Info: polluted_cities.jpg  used on input line 15.
(pdftex.def)             Requested size: 345.0pt x 172.50072pt.
LaTeX Font Info:    External font `cmex10' loaded for size
(Font)              <7> on input line 22.
LaTeX Font Info:    External font `cmex10' loaded for size
(Font)              <5> on input line 22.
 [1 <./polluted_cities.jpg>]
<climate2.jpg, id=14, 2007.5pt x 2007.5pt>
File: climate2.jpg Graphic file (type jpg)
<use climate2.jpg>
Package pdftex.def Info: climate2.jpg  used on input line 50.
(pdftex.def)             Requested size: 345.0pt x 344.97696pt.
 [2 <./climate2.jpg>]
<c.jpg, id=18, 959.83594pt x 539.76656pt>
File: c.jpg Graphic file (type jpg)
<use c.jpg>
Package pdftex.def Info: c.jpg  used on input line 65.
(pdftex.def)             Requested size: 162.15042pt x 91.18257pt.
<flood.jpg, id=19, 306.4248pt x 204.2832pt>
File: flood.jpg Graphic file (type jpg)
<use flood.jpg>
Package pdftex.def Info: flood.jpg  used on input line 69.
(pdftex.def)             Requested size: 137.9979pt x 91.99828pt.

Underfull \hbox (badness 10000) in paragraph at lines 61--78

 []

[3 <./c.jpg> <./flood.jpg>] (tables.aux) ) 
Here is how much of TeX's memory you used:
 4531 strings out of 475385
 90162 string characters out of 2784855
 432555 words of memory out of 3000000
 25876 multiletter control sequences out of 15000+600000
 473842 words of font info for 43 fonts, out of 8000000 for 9000
 1141 hyphenation exceptions out of 8191
 72i,9n,77p,737b,478s stack positions out of 10000i,1000n,20000p,200000b,80000s
 <C:\Users\hp\AppData\Local\MiKTeX\fo
nts/pk/ljfour/jknappen/ec/dpi600\tcrm1000.pk><D:/COEP Academics/DTL/Latex/fonts
/type1/public/amsfonts/cm/cmbx10.pfb><D:/COEP Academics/DTL/Latex/fonts/type1/p
ublic/amsfonts/cm/cmbx12.pfb><D:/COEP Academics/DTL/Latex/fonts/type1/public/am
sfonts/cm/cmr10.pfb><D:/COEP Academics/DTL/Latex/fonts/type1/public/amsfonts/cm
/cmr17.pfb><D:/COEP Academics/DTL/Latex/fonts/type1/public/amsfonts/cm/cmr9.pfb
>
Output written on tables.pdf (4 pages, 1840253 bytes).
PDF statistics:
 50 PDF objects out of 1000 (max. 8388607)
 0 named destinations out of 1000 (max. 500000)
 21 words of extra memory for PDF output out of 10000 (max. 10000000)

